<?xml version="1.0" encoding="UTF-8"?>
<!-- Generated by org.testng.reporters.JUnitReportReporter -->
<testsuite hostname="DESKTOP-3MS8ILM" failures="0" tests="1" name="SampleJenkin" time="5.791" errors="0" timestamp="25 Dec 2018 13:35:14 GMT" skipped="0">
  <testcase classname="SampleJenkin" name="login" time="5.791"/>
</testsuite> <!-- SampleJenkin -->
